{"C:\\Users\\wolflan\\igti\\calcula_valor\\src\\calc-value.js": {"path":"C:\\Users\\wolflan\\igti\\calcula_valor\\src\\calc-value.js","statementMap":{"0":{"start":{"line":2,"column":22},"end":{"line":2,"column":65}},"1":{"start":{"line":3,"column":4},"end":{"line":3,"column":32}},"2":{"start":{"line":8,"column":21},"end":{"line":8,"column":24}},"3":{"start":{"line":9,"column":24},"end":{"line":9,"column":82}},"4":{"start":{"line":11,"column":4},"end":{"line":11,"column":23}},"5":{"start":{"line":15,"column":26},"end":{"line":15,"column":63}},"6":{"start":{"line":16,"column":22},"end":{"line":16,"column":65}},"7":{"start":{"line":18,"column":25},"end":{"line":18,"column":58}},"8":{"start":{"line":18,"column":52},"end":{"line":18,"column":57}},"9":{"start":{"line":19,"column":20},"end":{"line":19,"column":45}},"10":{"start":{"line":20,"column":18},"end":{"line":20,"column":40}},"11":{"start":{"line":21,"column":12},"end":{"line":21,"column":52}},"12":{"start":{"line":23,"column":4},"end":{"line":28,"column":5}},"13":{"start":{"line":24,"column":8},"end":{"line":24,"column":65}},"14":{"start":{"line":25,"column":8},"end":{"line":25,"column":59}},"15":{"start":{"line":25,"column":52},"end":{"line":25,"column":57}},"16":{"start":{"line":26,"column":8},"end":{"line":26,"column":58}},"17":{"start":{"line":27,"column":8},"end":{"line":27,"column":19}},"18":{"start":{"line":30,"column":4},"end":{"line":30,"column":21}}},"fnMap":{"0":{"name":"calcularMontante","decl":{"start":{"line":1,"column":9},"end":{"line":1,"column":25}},"loc":{"start":{"line":1,"column":50},"end":{"line":4,"column":1}},"line":1},"1":{"name":"arredondar","decl":{"start":{"line":6,"column":9},"end":{"line":6,"column":19}},"loc":{"start":{"line":6,"column":27},"end":{"line":12,"column":1}},"line":6},"2":{"name":"calcularPrestacoes","decl":{"start":{"line":14,"column":9},"end":{"line":14,"column":27}},"loc":{"start":{"line":14,"column":56},"end":{"line":31,"column":1}},"line":14},"3":{"name":"(anonymous_3)","decl":{"start":{"line":18,"column":42},"end":{"line":18,"column":43}},"loc":{"start":{"line":18,"column":52},"end":{"line":18,"column":57}},"line":18},"4":{"name":"(anonymous_4)","decl":{"start":{"line":25,"column":42},"end":{"line":25,"column":43}},"loc":{"start":{"line":25,"column":52},"end":{"line":25,"column":57}},"line":25}},"branchMap":{"0":{"loc":{"start":{"line":20,"column":18},"end":{"line":20,"column":40}},"type":"cond-expr","locations":[{"start":{"line":20,"column":34},"end":{"line":20,"column":35}},{"start":{"line":20,"column":38},"end":{"line":20,"column":40}}],"line":20},"1":{"loc":{"start":{"line":21,"column":12},"end":{"line":21,"column":52}},"type":"cond-expr","locations":[{"start":{"line":21,"column":28},"end":{"line":21,"column":29}},{"start":{"line":21,"column":32},"end":{"line":21,"column":52}}],"line":21}},"s":{"0":2,"1":2,"2":21,"3":21,"4":21,"5":5,"6":5,"7":5,"8":10,"9":5,"10":5,"11":5,"12":5,"13":4,"14":4,"15":14,"16":4,"17":4,"18":5},"f":{"0":2,"1":21,"2":5,"3":10,"4":14},"b":{"0":[2,3],"1":[2,3]},"_coverageSchema":"1a1c01bbd47fc00a2c39e90264f33305004495a9","hash":"4436c1fdab71f98119cdf97c9b69afa00f6e4775"}
,"C:\\Users\\wolflan\\igti\\calcula_valor\\test\\extensions.js": {"path":"C:\\Users\\wolflan\\igti\\calcula_valor\\test\\extensions.js","statementMap":{"0":{"start":{"line":3,"column":0},"end":{"line":33,"column":2}},"1":{"start":{"line":6,"column":29},"end":{"line":6,"column":70}},"2":{"start":{"line":6,"column":63},"end":{"line":6,"column":68}},"3":{"start":{"line":7,"column":27},"end":{"line":7,"column":56}},"4":{"start":{"line":9,"column":12},"end":{"line":12,"column":13}},"5":{"start":{"line":10,"column":31},"end":{"line":10,"column":76}},"6":{"start":{"line":16,"column":12},"end":{"line":24,"column":13}},"7":{"start":{"line":16,"column":24},"end":{"line":16,"column":25}},"8":{"start":{"line":17,"column":26},"end":{"line":17,"column":31}},"9":{"start":{"line":18,"column":16},"end":{"line":23,"column":17}},"10":{"start":{"line":19,"column":20},"end":{"line":22,"column":21}},"11":{"start":{"line":20,"column":39},"end":{"line":20,"column":81}},"12":{"start":{"line":26,"column":12},"end":{"line":29,"column":13}},"13":{"start":{"line":27,"column":31},"end":{"line":27,"column":73}}},"fnMap":{"0":{"name":"(anonymous_0)","decl":{"start":{"line":5,"column":8},"end":{"line":5,"column":9}},"loc":{"start":{"line":5,"column":45},"end":{"line":13,"column":9}},"line":5},"1":{"name":"(anonymous_1)","decl":{"start":{"line":6,"column":53},"end":{"line":6,"column":54}},"loc":{"start":{"line":6,"column":63},"end":{"line":6,"column":68}},"line":6},"2":{"name":"(anonymous_2)","decl":{"start":{"line":10,"column":25},"end":{"line":10,"column":26}},"loc":{"start":{"line":10,"column":31},"end":{"line":10,"column":76}},"line":10},"3":{"name":"(anonymous_3)","decl":{"start":{"line":15,"column":8},"end":{"line":15,"column":9}},"loc":{"start":{"line":15,"column":31},"end":{"line":30,"column":9}},"line":15},"4":{"name":"(anonymous_4)","decl":{"start":{"line":20,"column":33},"end":{"line":20,"column":34}},"loc":{"start":{"line":20,"column":39},"end":{"line":20,"column":81}},"line":20},"5":{"name":"(anonymous_5)","decl":{"start":{"line":27,"column":25},"end":{"line":27,"column":26}},"loc":{"start":{"line":27,"column":31},"end":{"line":27,"column":73}},"line":27}},"branchMap":{"0":{"loc":{"start":{"line":18,"column":16},"end":{"line":23,"column":17}},"type":"if","locations":[{"start":{"line":18,"column":16},"end":{"line":23,"column":17}},{"start":{},"end":{}}],"line":18}},"s":{"0":1,"1":2,"2":4,"3":2,"4":2,"5":0,"6":1,"7":1,"8":2,"9":2,"10":0,"11":0,"12":1,"13":0},"f":{"0":2,"1":4,"2":0,"3":1,"4":0,"5":0},"b":{"0":[0,2]},"_coverageSchema":"1a1c01bbd47fc00a2c39e90264f33305004495a9","hash":"eb7d25f77ad79854443e16b6da5ad0f292d9a7ac"}
}
