TN:
SF:src\calc-value.js
FN:1,calcularMontante
FN:6,arredondar
FN:14,calcularPrestacoes
FN:18,(anonymous_3)
FN:25,(anonymous_4)
FNF:5
FNH:5
FNDA:2,calcularMontante
FNDA:21,arredondar
FNDA:5,calcularPrestacoes
FNDA:10,(anonymous_3)
FNDA:14,(anonymous_4)
DA:2,2
DA:3,2
DA:8,21
DA:9,21
DA:11,21
DA:15,5
DA:16,5
DA:18,10
DA:19,5
DA:20,5
DA:21,5
DA:23,5
DA:24,4
DA:25,14
DA:26,4
DA:27,4
DA:30,5
LF:17
LH:17
BRDA:20,0,0,2
BRDA:20,0,1,3
BRDA:21,1,0,2
BRDA:21,1,1,3
BRF:4
BRH:4
end_of_record
TN:
SF:test\extensions.js
FN:5,(anonymous_0)
FN:6,(anonymous_1)
FN:10,(anonymous_2)
FN:15,(anonymous_3)
FN:20,(anonymous_4)
FN:27,(anonymous_5)
FNF:6
FNH:3
FNDA:2,(anonymous_0)
FNDA:4,(anonymous_1)
FNDA:0,(anonymous_2)
FNDA:1,(anonymous_3)
FNDA:0,(anonymous_4)
FNDA:0,(anonymous_5)
DA:3,1
DA:6,4
DA:7,2
DA:9,2
DA:10,0
DA:16,1
DA:17,2
DA:18,2
DA:19,0
DA:20,0
DA:26,1
DA:27,0
LF:12
LH:8
BRDA:18,0,0,0
BRDA:18,0,1,2
BRF:2
BRH:1
end_of_record
